{"level":"info","message":"Starting Downsub scrape for URL: https://downsub.com/?url=https%3A%2F%2Fwww.youtube.com%2Fwatch%3Fv%3DRtlbFuwveAs%26list%3DPLnpknmCXt_N5X7DKYKcYk5EkyW0-wmyJ0%26index%3D50","timestamp":"2025-04-03T19:15:54.159Z"}
{"level":"info","message":"Navigating to page","timestamp":"2025-04-03T19:16:05.850Z"}
{"level":"info","message":"Attempting to extract video info from Downsub","timestamp":"2025-04-03T19:16:19.026Z"}
{"level":"info","message":"Extracted video info from Downsub","timestamp":"2025-04-03T19:16:19.042Z","title":"السيرة النبوية | 50. لماذا حمل النبي ﷺ السيف؟ وكيف بدأ الجهاد؟ | محمد إلهامي","url":"https://downsub.com/?url=https%3A%2F%2Fwww.youtube.com%2Fwatch%3Fv%3DRtlbFuwveAs%26list%3DPLnpknmCXt_N5X7DKYKcYk5EkyW0-wmyJ0%26index%3D50"}
{"level":"info","message":"Successfully extracted video info","timestamp":"2025-04-03T19:16:19.043Z","title":"السيرة النبوية | 50. لماذا حمل النبي ﷺ السيف؟ وكيف بدأ الجهاد؟ | محمد إلهامي","videoId":"RtlbFuwveAs"}
{"level":"info","message":"Starting transcript downloads from Downsub","timestamp":"2025-04-03T19:16:19.048Z"}
{"level":"info","message":"Setting up download listener for: C:\\Users\\month\\workspace\\merqam\\packages\\lessons-worker\\temp\\RtlbFuwveAs on C:\\Users\\month\\workspace\\merqam\\packages\\lessons-worker\\temp","timestamp":"2025-04-03T19:16:19.067Z"}
{"level":"info","message":"Downloading SRT file","timestamp":"2025-04-03T19:16:19.070Z"}
{"level":"info","message":"Downloading TXT file","timestamp":"2025-04-03T19:16:20.416Z"}
{"level":"info","message":"Renamed srt file to RtlbFuwveAs.srt","timestamp":"2025-04-03T19:16:21.611Z"}
{"level":"info","message":"Renamed txt file to RtlbFuwveAs.txt","timestamp":"2025-04-03T19:16:21.612Z"}
{"level":"info","message":"Downsub scraping completed successfully","timestamp":"2025-04-03T19:16:21.963Z"}
{"level":"info","message":"Starting Downsub scrape for URL: https://downsub.com/?url=https%3A%2F%2Fwww.youtube.com%2Fwatch%3Fv%3DRtlbFuwveAs%26list%3DPLnpknmCXt_N5X7DKYKcYk5EkyW0-wmyJ0%26index%3D50","timestamp":"2025-04-03T19:17:20.820Z"}
{"level":"info","message":"Navigating to page","timestamp":"2025-04-03T19:17:21.198Z"}
{"level":"info","message":"Attempting to extract video info from Downsub","timestamp":"2025-04-03T19:17:35.148Z"}
{"level":"info","message":"Extracted video info from Downsub","timestamp":"2025-04-03T19:17:35.150Z","title":"السيرة النبوية | 50. لماذا حمل النبي ﷺ السيف؟ وكيف بدأ الجهاد؟ | محمد إلهامي","url":"https://downsub.com/?url=https%3A%2F%2Fwww.youtube.com%2Fwatch%3Fv%3DRtlbFuwveAs%26list%3DPLnpknmCXt_N5X7DKYKcYk5EkyW0-wmyJ0%26index%3D50"}
{"level":"info","message":"Successfully extracted video info","timestamp":"2025-04-03T19:17:35.151Z","title":"السيرة النبوية | 50. لماذا حمل النبي ﷺ السيف؟ وكيف بدأ الجهاد؟ | محمد إلهامي","videoId":"RtlbFuwveAs"}
{"level":"info","message":"Starting transcript downloads from Downsub","timestamp":"2025-04-03T19:17:35.152Z"}
{"level":"info","message":"Setting up download listener for: C:\\Users\\month\\workspace\\merqam\\packages\\lessons-worker\\temp\\RtlbFuwveAs on C:\\Users\\month\\workspace\\merqam\\packages\\lessons-worker\\temp","timestamp":"2025-04-03T19:17:35.166Z"}
{"level":"info","message":"Downloading SRT file","timestamp":"2025-04-03T19:17:35.168Z"}
{"level":"info","message":"Downloading TXT file","timestamp":"2025-04-03T19:17:36.349Z"}
{"level":"info","message":"Renamed srt file to RtlbFuwveAs.srt","timestamp":"2025-04-03T19:17:37.527Z"}
{"level":"info","message":"Renamed txt file to RtlbFuwveAs.txt","timestamp":"2025-04-03T19:17:37.531Z"}
{"level":"info","message":"Downsub scraping completed successfully","timestamp":"2025-04-03T19:17:37.741Z"}
{"level":"info","message":"Starting Downsub scrape for URL: https://downsub.com/?url=https%3A%2F%2Fwww.youtube.com%2Fwatch%3Fv%3DRtlbFuwveAs%26list%3DPLnpknmCXt_N5X7DKYKcYk5EkyW0-wmyJ0%26index%3D50","timestamp":"2025-04-03T19:18:38.115Z"}
{"level":"info","message":"Navigating to page","timestamp":"2025-04-03T19:18:38.500Z"}
{"level":"info","message":"Starting Downsub scrape for URL: https://downsub.com/?url=https%3A%2F%2Fwww.youtube.com%2Fwatch%3Fv%3DRtlbFuwveAs%26list%3DPLnpknmCXt_N5X7DKYKcYk5EkyW0-wmyJ0%26index%3D50","timestamp":"2025-04-03T19:20:12.512Z"}
{"level":"info","message":"Navigating to page","timestamp":"2025-04-03T19:20:12.845Z"}
{"level":"info","message":"Attempting to extract video info from Downsub","timestamp":"2025-04-03T19:20:29.209Z"}
{"level":"info","message":"Extracted video info from Downsub","timestamp":"2025-04-03T19:20:29.211Z","title":"السيرة النبوية | 50. لماذا حمل النبي ﷺ السيف؟ وكيف بدأ الجهاد؟ | محمد إلهامي","url":"https://downsub.com/?url=https%3A%2F%2Fwww.youtube.com%2Fwatch%3Fv%3DRtlbFuwveAs%26list%3DPLnpknmCXt_N5X7DKYKcYk5EkyW0-wmyJ0%26index%3D50"}
{"level":"info","message":"Successfully extracted video info","timestamp":"2025-04-03T19:20:29.212Z","title":"السيرة النبوية | 50. لماذا حمل النبي ﷺ السيف؟ وكيف بدأ الجهاد؟ | محمد إلهامي","videoId":"RtlbFuwveAs"}
{"level":"info","message":"Starting transcript downloads from Downsub","timestamp":"2025-04-03T19:20:29.213Z"}
{"level":"info","message":"Setting up download listener for: C:\\Users\\month\\workspace\\merqam\\packages\\lessons-worker\\temp\\RtlbFuwveAs on C:\\Users\\month\\workspace\\merqam\\packages\\lessons-worker\\temp","timestamp":"2025-04-03T19:20:29.220Z"}
{"level":"info","message":"Downloading SRT file","timestamp":"2025-04-03T19:20:29.222Z"}
{"level":"info","message":"Downloading TXT file","timestamp":"2025-04-03T19:20:30.411Z"}
{"level":"info","message":"Renamed srt file to RtlbFuwveAs.srt","timestamp":"2025-04-03T19:20:31.602Z"}
{"level":"info","message":"Renamed txt file to RtlbFuwveAs.txt","timestamp":"2025-04-03T19:20:31.604Z"}
{"level":"info","message":"Downsub scraping completed successfully","timestamp":"2025-04-03T19:20:31.835Z"}
{"level":"info","message":"Starting Downsub scrape for URL: https://downsub.com/?url=https%3A%2F%2Fwww.youtube.com%2Fwatch%3Fv%3DRtlbFuwveAs%26list%3DPLnpknmCXt_N5X7DKYKcYk5EkyW0-wmyJ0%26index%3D50","timestamp":"2025-04-03T19:25:47.036Z"}
{"level":"info","message":"Navigating to page","timestamp":"2025-04-03T19:25:47.612Z"}
{"level":"info","message":"Attempting to extract video info from Downsub","timestamp":"2025-04-03T19:26:03.821Z"}
{"level":"info","message":"Extracted video info from Downsub","timestamp":"2025-04-03T19:26:03.824Z","title":"السيرة النبوية | 50. لماذا حمل النبي ﷺ السيف؟ وكيف بدأ الجهاد؟ | محمد إلهامي","url":"https://downsub.com/?url=https%3A%2F%2Fwww.youtube.com%2Fwatch%3Fv%3DRtlbFuwveAs%26list%3DPLnpknmCXt_N5X7DKYKcYk5EkyW0-wmyJ0%26index%3D50"}
{"level":"info","message":"Successfully extracted video info","timestamp":"2025-04-03T19:26:03.826Z","title":"السيرة النبوية | 50. لماذا حمل النبي ﷺ السيف؟ وكيف بدأ الجهاد؟ | محمد إلهامي","videoId":"RtlbFuwveAs"}
{"level":"info","message":"Starting transcript downloads from Downsub","timestamp":"2025-04-03T19:26:03.827Z"}
{"level":"info","message":"Setting up download listener for: C:\\Users\\month\\workspace\\merqam\\packages\\lessons-worker\\temp\\RtlbFuwveAs on C:\\Users\\month\\workspace\\merqam\\packages\\lessons-worker\\temp","timestamp":"2025-04-03T19:26:03.834Z"}
{"level":"info","message":"Downloading SRT file","timestamp":"2025-04-03T19:26:03.836Z"}
{"level":"info","message":"Downloading TXT file","timestamp":"2025-04-03T19:26:05.096Z"}
{"level":"info","message":"Renamed srt file to RtlbFuwveAs.srt","timestamp":"2025-04-03T19:26:06.298Z"}
{"level":"info","message":"Renamed txt file to RtlbFuwveAs.txt","timestamp":"2025-04-03T19:26:06.299Z"}
{"level":"info","message":"Downsub scraping completed successfully","timestamp":"2025-04-03T19:26:06.550Z"}
{"level":"info","message":"Starting Downsub scrape for URL: https://downsub.com/?url=https%3A%2F%2Fwww.youtube.com%2Fwatch%3Fv%3DRyqjHfHntiI%26list%3DPLnpknmCXt_N5X7DKYKcYk5EkyW0-wmyJ0%26index%3D52","timestamp":"2025-04-03T21:57:21.674Z"}
{"level":"info","message":"Navigating to page","timestamp":"2025-04-03T21:57:24.101Z"}
{"level":"info","message":"Starting Downsub scrape for URL: https://downsub.com/?url=https%3A%2F%2Fwww.youtube.com%2Fwatch%3Fv%3DRyqjHfHntiI%26list%3DPLnpknmCXt_N5X7DKYKcYk5EkyW0-wmyJ0%26index%3D52","timestamp":"2025-04-03T21:59:25.544Z"}
{"level":"info","message":"Navigating to page","timestamp":"2025-04-03T21:59:26.007Z"}
{"error":"Navigating frame was detached","level":"error","message":"Downsub scraping failed","stack":"Error: Navigating frame was detached\n    at #onFrameDetached (C:\\Users\\month\\workspace\\merqam\\node_modules\\puppeteer-core\\lib\\cjs\\puppeteer\\cdp\\LifecycleWatcher.js:103:47)\n    at C:\\Users\\month\\workspace\\merqam\\node_modules\\puppeteer-core\\lib\\cjs\\third_party\\mitt\\mitt.js:62:7\n    at Array.map (<anonymous>)\n    at Object.emit (C:\\Users\\month\\workspace\\merqam\\node_modules\\puppeteer-core\\lib\\cjs\\third_party\\mitt\\mitt.js:61:20)\n    at CdpFrame.emit (C:\\Users\\month\\workspace\\merqam\\node_modules\\puppeteer-core\\lib\\cjs\\puppeteer\\common\\EventEmitter.js:83:23)\n    at #removeFramesRecursively (C:\\Users\\month\\workspace\\merqam\\node_modules\\puppeteer-core\\lib\\cjs\\puppeteer\\cdp\\FrameManager.js:451:15)\n    at #onClientDisconnect (C:\\Users\\month\\workspace\\merqam\\node_modules\\puppeteer-core\\lib\\cjs\\puppeteer\\cdp\\FrameManager.js:94:42)","timestamp":"2025-04-03T21:59:29.174Z"}
{"level":"info","message":"Starting Downsub scrape for URL: https://downsub.com/?url=https%3A%2F%2Fwww.youtube.com%2Fwatch%3Fv%3DRyqjHfHntiI%26list%3DPLnpknmCXt_N5X7DKYKcYk5EkyW0-wmyJ0%26index%3D52","timestamp":"2025-04-03T22:24:07.423Z"}
{"level":"info","message":"Navigating to page","timestamp":"2025-04-03T22:24:10.144Z"}
{"level":"info","message":"Attempting to extract video info from Downsub","timestamp":"2025-04-03T22:24:27.265Z"}
{"level":"info","message":"Extracted video info from Downsub","timestamp":"2025-04-03T22:24:27.274Z","title":"السيرة النبوية | 52. تحويل القبلة.. أول المحن الشديدة للمسلمين في المدينة | محمد إلهامي","url":"https://downsub.com/?url=https%3A%2F%2Fwww.youtube.com%2Fwatch%3Fv%3DRyqjHfHntiI%26list%3DPLnpknmCXt_N5X7DKYKcYk5EkyW0-wmyJ0%26index%3D52"}
{"level":"info","message":"Successfully extracted video info","timestamp":"2025-04-03T22:24:27.275Z","title":"السيرة النبوية | 52. تحويل القبلة.. أول المحن الشديدة للمسلمين في المدينة | محمد إلهامي","videoId":"RyqjHfHntiI"}
{"level":"info","message":"Starting transcript downloads from Downsub","timestamp":"2025-04-03T22:24:27.278Z"}
{"level":"info","message":"Setting up download listener for: C:\\Users\\month\\workspace\\merqam\\packages\\lessons-worker\\temp\\RyqjHfHntiI on C:\\Users\\month\\workspace\\merqam\\packages\\lessons-worker\\temp","timestamp":"2025-04-03T22:24:27.286Z"}
{"level":"info","message":"Downloading SRT file","timestamp":"2025-04-03T22:24:27.291Z"}
{"level":"info","message":"Downloading TXT file","timestamp":"2025-04-03T22:24:29.487Z"}
{"level":"info","message":"Renamed srt file to RyqjHfHntiI.srt","timestamp":"2025-04-03T22:24:30.674Z"}
{"level":"info","message":"Renamed txt file to RyqjHfHntiI.txt","timestamp":"2025-04-03T22:24:30.676Z"}
{"level":"info","message":"Downsub scraping completed successfully","timestamp":"2025-04-03T22:24:31.119Z"}
{"level":"info","message":"Starting Downsub scrape for URL: https://downsub.com/?url=https%3A%2F%2Fwww.youtube.com%2Fwatch%3Fv%3DRyqjHfHntiI%26list%3DPLnpknmCXt_N5X7DKYKcYk5EkyW0-wmyJ0%26index%3D52","timestamp":"2025-04-03T22:25:28.175Z"}
{"level":"info","message":"Navigating to page","timestamp":"2025-04-03T22:25:29.019Z"}
{"level":"info","message":"Attempting to extract video info from Downsub","timestamp":"2025-04-03T22:25:43.121Z"}
{"level":"error","message":"Failed to extract video info: Attempted to use detached Frame '91F4E15FEE68BBB79EA003513C038596'.","stack":"Error: Attempted to use detached Frame '91F4E15FEE68BBB79EA003513C038596'.\n    at CdpFrame.<anonymous> (C:\\Users\\month\\workspace\\merqam\\node_modules\\puppeteer-core\\lib\\cjs\\puppeteer\\util\\decorators.js:107:23)\n    at CdpPage.evaluate (C:\\Users\\month\\workspace\\merqam\\node_modules\\puppeteer-core\\lib\\cjs\\puppeteer\\api\\Page.js:812:43)\n    at DownsubScraper.extractVideoInfo (C:\\Users\\month\\workspace\\merqam\\packages\\lessons-worker\\dist\\main.js:859:35)\n    at DownsubScraper.scrape (C:\\Users\\month\\workspace\\merqam\\packages\\lessons-worker\\dist\\main.js:955:45)\n    at async EnhancedTxtToMdxConverter.downloadContent (C:\\Users\\month\\workspace\\merqam\\packages\\lessons-worker\\dist\\main.js:2817:22)\n    at async EnhancedTxtToMdxConverter.processContent (C:\\Users\\month\\workspace\\merqam\\packages\\lessons-worker\\dist\\main.js:2728:41)\n    at async Worker.processJob [as processFn] (C:\\Users\\month\\workspace\\merqam\\packages\\lessons-worker\\dist\\main.js:3064:30)\n    at async C:\\Users\\month\\workspace\\merqam\\node_modules\\bullmq\\dist\\cjs\\classes\\worker.js:517:32\n    at async Worker.retryIfFailed (C:\\Users\\month\\workspace\\merqam\\node_modules\\bullmq\\dist\\cjs\\classes\\worker.js:742:24)","timestamp":"2025-04-03T22:25:43.123Z"}
{"error":"Attempted to use detached Frame '91F4E15FEE68BBB79EA003513C038596'.","level":"error","message":"Downsub scraping failed","stack":"Error: Attempted to use detached Frame '91F4E15FEE68BBB79EA003513C038596'.\n    at CdpFrame.<anonymous> (C:\\Users\\month\\workspace\\merqam\\node_modules\\puppeteer-core\\lib\\cjs\\puppeteer\\util\\decorators.js:107:23)\n    at CdpPage.evaluate (C:\\Users\\month\\workspace\\merqam\\node_modules\\puppeteer-core\\lib\\cjs\\puppeteer\\api\\Page.js:812:43)\n    at DownsubScraper.extractVideoInfo (C:\\Users\\month\\workspace\\merqam\\packages\\lessons-worker\\dist\\main.js:859:35)\n    at DownsubScraper.scrape (C:\\Users\\month\\workspace\\merqam\\packages\\lessons-worker\\dist\\main.js:955:45)\n    at async EnhancedTxtToMdxConverter.downloadContent (C:\\Users\\month\\workspace\\merqam\\packages\\lessons-worker\\dist\\main.js:2817:22)\n    at async EnhancedTxtToMdxConverter.processContent (C:\\Users\\month\\workspace\\merqam\\packages\\lessons-worker\\dist\\main.js:2728:41)\n    at async Worker.processJob [as processFn] (C:\\Users\\month\\workspace\\merqam\\packages\\lessons-worker\\dist\\main.js:3064:30)\n    at async C:\\Users\\month\\workspace\\merqam\\node_modules\\bullmq\\dist\\cjs\\classes\\worker.js:517:32\n    at async Worker.retryIfFailed (C:\\Users\\month\\workspace\\merqam\\node_modules\\bullmq\\dist\\cjs\\classes\\worker.js:742:24)","timestamp":"2025-04-03T22:25:43.125Z"}
{"level":"info","message":"Starting Downsub scrape for URL: https://downsub.com/?url=https%3A%2F%2Fwww.youtube.com%2Fwatch%3Fv%3DRyqjHfHntiI%26list%3DPLnpknmCXt_N5X7DKYKcYk5EkyW0-wmyJ0%26index%3D52","timestamp":"2025-04-03T22:29:21.077Z"}
{"level":"info","message":"Navigating to page","timestamp":"2025-04-03T22:29:22.171Z"}
{"error":"Navigating frame was detached","level":"error","message":"Downsub scraping failed","stack":"Error: Navigating frame was detached\n    at #onFrameDetached (C:\\Users\\month\\workspace\\merqam\\node_modules\\puppeteer-core\\lib\\cjs\\puppeteer\\cdp\\LifecycleWatcher.js:103:47)\n    at C:\\Users\\month\\workspace\\merqam\\node_modules\\puppeteer-core\\lib\\cjs\\third_party\\mitt\\mitt.js:62:7\n    at Array.map (<anonymous>)\n    at Object.emit (C:\\Users\\month\\workspace\\merqam\\node_modules\\puppeteer-core\\lib\\cjs\\third_party\\mitt\\mitt.js:61:20)\n    at CdpFrame.emit (C:\\Users\\month\\workspace\\merqam\\node_modules\\puppeteer-core\\lib\\cjs\\puppeteer\\common\\EventEmitter.js:83:23)\n    at #removeFramesRecursively (C:\\Users\\month\\workspace\\merqam\\node_modules\\puppeteer-core\\lib\\cjs\\puppeteer\\cdp\\FrameManager.js:451:15)\n    at #onClientDisconnect (C:\\Users\\month\\workspace\\merqam\\node_modules\\puppeteer-core\\lib\\cjs\\puppeteer\\cdp\\FrameManager.js:94:42)","timestamp":"2025-04-03T22:29:23.865Z"}
{"level":"info","message":"Starting Downsub scrape for URL: https://downsub.com/?url=https%3A%2F%2Fwww.youtube.com%2Fwatch%3Fv%3DkzAaybjCgMI%26list%3DPLnpknmCXt_N5X7DKYKcYk5EkyW0-wmyJ0%26index%3D44","timestamp":"2025-04-05T12:45:52.128Z"}
{"level":"info","message":"Navigating to page","timestamp":"2025-04-05T12:45:58.711Z"}
{"level":"info","message":"Attempting to extract video info from Downsub","timestamp":"2025-04-05T12:46:15.283Z"}
{"level":"info","message":"Extracted video info from Downsub","timestamp":"2025-04-05T12:46:15.287Z","title":"السيرة النبوية | 44. لماذا لم ينشئ النبي مؤسسات وأجهزة أمن في بداية الدولة الإسلامية؟ | محمد إلهامي","url":"https://downsub.com/?url=https%3A%2F%2Fwww.youtube.com%2Fwatch%3Fv%3DkzAaybjCgMI%26list%3DPLnpknmCXt_N5X7DKYKcYk5EkyW0-wmyJ0%26index%3D44"}
{"level":"info","message":"Successfully extracted video info","timestamp":"2025-04-05T12:46:15.295Z","title":"السيرة النبوية | 44. لماذا لم ينشئ النبي مؤسسات وأجهزة أمن في بداية الدولة الإسلامية؟ | محمد إلهامي","videoId":"kzAaybjCgMI"}
{"level":"info","message":"Starting transcript downloads from Downsub","timestamp":"2025-04-05T12:46:15.296Z"}
{"level":"info","message":"Setting up download listener for: C:\\Users\\month\\workspace\\merqam\\packages\\lessons-worker\\temp\\kzAaybjCgMI on C:\\Users\\month\\workspace\\merqam\\packages\\lessons-worker\\temp","timestamp":"2025-04-05T12:46:15.303Z"}
{"level":"info","message":"Downloading SRT file","timestamp":"2025-04-05T12:46:15.306Z"}
{"level":"info","message":"Downloading TXT file","timestamp":"2025-04-05T12:46:16.535Z"}
{"level":"info","message":"Renamed srt file to kzAaybjCgMI.srt","timestamp":"2025-04-05T12:46:17.736Z"}
{"level":"info","message":"Renamed txt file to kzAaybjCgMI.txt","timestamp":"2025-04-05T12:46:17.737Z"}
{"level":"info","message":"Downsub scraping completed successfully","timestamp":"2025-04-05T12:46:18.071Z"}
